#
# There is insufficient memory for the Java Runtime Environment to continue.
# Native memory allocation (malloc) failed to allocate 1027392 bytes for Chunk::new
# Possible reasons:
#   The system is out of physical RAM or swap space
#   In 32 bit mode, the process size limit was hit
# Possible solutions:
#   Reduce memory load on the system
#   Increase physical memory or swap space
#   Check if swap backing store is full
#   Use 64 bit Java on a 64 bit OS
#   Decrease Java heap size (-Xmx/-Xms)
#   Decrease number of Java threads
#   Decrease Java thread stack sizes (-Xss)
#   Set larger code cache with -XX:ReservedCodeCacheSize=
# This output file may be truncated or incomplete.
#
#  Out of Memory Error (allocation.cpp:323), pid=11760, tid=10612
#
# JRE version: Java(TM) SE Runtime Environment (7.0_51-b13) (build 1.7.0_51-b13)
# Java VM: Java HotSpot(TM) 64-Bit Server VM (24.51-b03 mixed mode windows-amd64 compressed oops)
# Failed to write core dump. Minidumps are not enabled by default on client versions of Windows
#

---------------  T H R E A D  ---------------

Current thread (0x00000000075a4000):  JavaThread "C2 CompilerThread0" daemon [_thread_in_native, id=10612, stack(0x0000000008b30000,0x0000000008c30000)]

Stack: [0x0000000008b30000,0x0000000008c30000]

Current CompileTask:
C2:   9324  620             java.beans.Introspector::processPropertyDescriptors (699 bytes)


---------------  P R O C E S S  ---------------

Java Threads: ( => current thread )
  0x000000000a32b000 JavaThread "Javelin Worker-3" daemon [_thread_blocked, id=11068, stack(0x000000000b140000,0x000000000b240000)]
  0x000000000a32a800 JavaThread "Javelin Worker-2" daemon [_thread_blocked, id=14128, stack(0x000000000b040000,0x000000000b140000)]
  0x000000000a354000 JavaThread "Javelin Worker-1" daemon [_thread_blocked, id=12188, stack(0x000000000af40000,0x000000000b040000)]
  0x000000000a353000 JavaThread "Javelin Worker-0-MAProjectBuildingPropertyPG.jspx" daemon [_thread_blocked, id=8172, stack(0x000000000ae40000,0x000000000af40000)]
  0x00000000075e2800 JavaThread "Service Thread" daemon [_thread_blocked, id=10192, stack(0x0000000008d30000,0x0000000008e30000)]
  0x00000000075cc000 JavaThread "C2 CompilerThread1" daemon [_thread_blocked, id=6884, stack(0x0000000008c30000,0x0000000008d30000)]
=>0x00000000075a4000 JavaThread "C2 CompilerThread0" daemon [_thread_in_native, id=10612, stack(0x0000000008b30000,0x0000000008c30000)]
  0x00000000075a3800 JavaThread "Attach Listener" daemon [_thread_blocked, id=13404, stack(0x0000000008a30000,0x0000000008b30000)]
  0x00000000075a0800 JavaThread "Signal Dispatcher" daemon [_thread_blocked, id=13676, stack(0x0000000008930000,0x0000000008a30000)]
  0x0000000007590800 JavaThread "Finalizer" daemon [_thread_blocked, id=592, stack(0x0000000008830000,0x0000000008930000)]
  0x0000000007585800 JavaThread "Reference Handler" daemon [_thread_blocked, id=8200, stack(0x0000000008730000,0x0000000008830000)]
  0x00000000025be800 JavaThread "main" [_thread_blocked, id=12180, stack(0x00000000026c0000,0x00000000027c0000)]

Other Threads:
  0x0000000007582800 VMThread [stack: 0x0000000008630000,0x0000000008730000] [id=3900]
  0x00000000075eb000 WatcherThread [stack: 0x0000000008e30000,0x0000000008f30000] [id=13828]

VM state:at safepoint (normal execution)

VM Mutex/Monitor currently owned by a thread:  ([mutex/lock_event])
[0x00000000025bd970] Threads_lock - owner thread: 0x0000000007582800
[0x00000000025bdf70] Heap_lock - owner thread: 0x000000000a353000

Heap
 PSYoungGen      total 38912K, used 38490K [0x00000000f5500000, 0x00000000f8000000, 0x0000000100000000)
  eden space 33792K, 100% used [0x00000000f5500000,0x00000000f7600000,0x00000000f7600000)
  from space 5120K, 91% used [0x00000000f7b00000,0x00000000f7f96840,0x00000000f8000000)
  to   space 5120K, 99% used [0x00000000f7600000,0x00000000f7afc060,0x00000000f7b00000)
 ParOldGen       total 87552K, used 42278K [0x00000000e0000000, 0x00000000e5580000, 0x00000000f5500000)
  object space 87552K, 48% used [0x00000000e0000000,0x00000000e2949800,0x00000000e5580000)
 PSPermGen       total 22016K, used 21608K [0x00000000d8000000, 0x00000000d9580000, 0x00000000e0000000)
  object space 22016K, 98% used [0x00000000d8000000,0x00000000d951a128,0x00000000d9580000)

Card table byte_map: [0x00000000058c0000,0x0000000005a10000] byte_map_base: 0x0000000005200000

Polling page: 0x0000000002580000

Code Cache  [0x00000000028c0000, 0x0000000002b30000, 0x00000000058c0000)
 total_blobs=966 nmethods=645 adapters=273 free_code_cache=47028Kb largest_free_block=48116160

Compilation events (10 events):
Event: 9.231 Thread 0x00000000075cc000 nmethod 692 0x0000000002acfa10 code [0x0000000002acfb80, 0x0000000002acfec8]
Event: 9.231 Thread 0x00000000075cc000  693             java.lang.ClassLoader::findLoadedClass (16 bytes)
Event: 9.234 Thread 0x00000000075cc000 nmethod 693 0x0000000002ad4cd0 code [0x0000000002ad4e20, 0x0000000002ad5008]
Event: 9.234 Thread 0x00000000075cc000  695             java.util.regex.Pattern$Slice::match (79 bytes)
Event: 9.246 Thread 0x00000000075cc000 nmethod 695 0x0000000002ad5f50 code [0x0000000002ad60c0, 0x0000000002ad66f8]
Event: 9.246 Thread 0x00000000075cc000  696             weblogic.jsp.internal.jsp.JspScriptTransform$TransformTag::getName (5 bytes)
Event: 9.247 Thread 0x00000000075cc000 nmethod 696 0x0000000002acf810 code [0x0000000002acf940, 0x0000000002acf998]
Event: 9.247 Thread 0x00000000075cc000  697             weblogic.jsp.internal.jsp.JspScriptTransform$TransformContext::decreaseIndent (50 bytes)
Event: 9.256 Thread 0x00000000075cc000 nmethod 697 0x0000000002ad5350 code [0x0000000002ad54e0, 0x0000000002ad5a68]
Event: 9.284 Thread 0x00000000075cc000  698             weblogic.utils.classloaders.FilteringClassLoader::matchesClassFilterList (118 bytes)

GC Heap History (10 events):
Event: 8.089 GC heap before
{Heap before GC invocations=12 (full 0):
 PSYoungGen      total 38912K, used 34176K [0x00000000f5500000, 0x00000000f8000000, 0x0000000100000000)
  eden space 33792K, 100% used [0x00000000f5500000,0x00000000f7600000,0x00000000f7600000)
  from space 5120K, 7% used [0x00000000f7600000,0x00000000f7660000,0x00000000f7b00000)
  to   space 5120K, 0% used [0x00000000f7b00000,0x00000000f7b00000,0x00000000f8000000)
 ParOldGen       total 87552K, used 37313K [0x00000000e0000000, 0x00000000e5580000, 0x00000000f5500000)
  object space 87552K, 42% used [0x00000000e0000000,0x00000000e24707f0,0x00000000e5580000)
 PSPermGen       total 21504K, used 20674K [0x00000000d8000000, 0x00000000d9500000, 0x00000000e0000000)
  object space 21504K, 96% used [0x00000000d8000000,0x00000000d9430b38,0x00000000d9500000)
Event: 8.091 GC heap after
Heap after GC invocations=12 (full 0):
 PSYoungGen      total 38912K, used 288K [0x00000000f5500000, 0x00000000f8000000, 0x0000000100000000)
  eden space 33792K, 0% used [0x00000000f5500000,0x00000000f5500000,0x00000000f7600000)
  from space 5120K, 5% used [0x00000000f7b00000,0x00000000f7b48000,0x00000000f8000000)
  to   space 5120K, 0% used [0x00000000f7600000,0x00000000f7600000,0x00000000f7b00000)
 ParOldGen       total 87552K, used 37585K [0x00000000e0000000, 0x00000000e5580000, 0x00000000f5500000)
  object space 87552K, 42% used [0x00000000e0000000,0x00000000e24b47f0,0x00000000e5580000)
 PSPermGen       total 21504K, used 20674K [0x00000000d8000000, 0x00000000d9500000, 0x00000000e0000000)
  object space 21504K, 96% used [0x00000000d8000000,0x00000000d9430b38,0x00000000d9500000)
}
Event: 8.210 GC heap before
{Heap before GC invocations=13 (full 0):
 PSYoungGen      total 38912K, used 34080K [0x00000000f5500000, 0x00000000f8000000, 0x0000000100000000)
  eden space 33792K, 100% used [0x00000000f5500000,0x00000000f7600000,0x00000000f7600000)
  from space 5120K, 5% used [0x00000000f7b00000,0x00000000f7b48000,0x00000000f8000000)
  to   space 5120K, 0% used [0x00000000f7600000,0x00000000f7600000,0x00000000f7b00000)
 ParOldGen       total 87552K, used 37585K [0x00000000e0000000, 0x00000000e5580000, 0x00000000f5500000)
  object space 87552K, 42% used [0x00000000e0000000,0x00000000e24b47f0,0x00000000e5580000)
 PSPermGen       total 21504K, used 20777K [0x00000000d8000000, 0x00000000d9500000, 0x00000000e0000000)
  object space 21504K, 96% used [0x00000000d8000000,0x00000000d944a760,0x00000000d9500000)
Event: 8.211 GC heap after
Heap after GC invocations=13 (full 0):
 PSYoungGen      total 38912K, used 416K [0x00000000f5500000, 0x00000000f8000000, 0x0000000100000000)
  eden space 33792K, 0% used [0x00000000f5500000,0x00000000f5500000,0x00000000f7600000)
  from space 5120K, 8% used [0x00000000f7600000,0x00000000f7668000,0x00000000f7b00000)
  to   space 5120K, 0% used [0x00000000f7b00000,0x00000000f7b00000,0x00000000f8000000)
 ParOldGen       total 87552K, used 37769K [0x00000000e0000000, 0x00000000e5580000, 0x00000000f5500000)
  object space 87552K, 43% used [0x00000000e0000000,0x00000000e24e27f0,0x00000000e5580000)
 PSPermGen       total 21504K, used 20777K [0x00000000d8000000, 0x00000000d9500000, 0x00000000e0000000)
  object space 21504K, 96% used [0x00000000d8000000,0x00000000d944a760,0x00000000d9500000)
}
Event: 8.351 GC heap before
{Heap before GC invocations=14 (full 0):
 PSYoungGen      total 38912K, used 34208K [0x00000000f5500000, 0x00000000f8000000, 0x0000000100000000)
  eden space 33792K, 100% used [0x00000000f5500000,0x00000000f7600000,0x00000000f7600000)
  from space 5120K, 8% used [0x00000000f7600000,0x00000000f7668000,0x00000000f7b00000)
  to   space 5120K, 0% used [0x00000000f7b00000,0x00000000f7b00000,0x00000000f8000000)
 ParOldGen       total 87552K, used 37769K [0x00000000e0000000, 0x00000000e5580000, 0x00000000f5500000)
  object space 87552K, 43% used [0x00000000e0000000,0x00000000e24e27f0,0x00000000e5580000)
 PSPermGen       total 21504K, used 20844K [0x00000000d8000000, 0x00000000d9500000, 0x00000000e0000000)
  object space 21504K, 96% used [0x00000000d8000000,0x00000000d945b270,0x00000000d9500000)
Event: 8.353 GC heap after
Heap after GC invocations=14 (full 0):
 PSYoungGen      total 38912K, used 288K [0x00000000f5500000, 0x00000000f8000000, 0x0000000100000000)
  eden space 33792K, 0% used [0x00000000f5500000,0x00000000f5500000,0x00000000f7600000)
  from space 5120K, 5% used [0x00000000f7b00000,0x00000000f7b48000,0x00000000f8000000)
  to   space 5120K, 0% used [0x00000000f7600000,0x00000000f7600000,0x00000000f7b00000)
 ParOldGen       total 87552K, used 38049K [0x00000000e0000000, 0x00000000e5580000, 0x00000000f5500000)
  object space 87552K, 43% used [0x00000000e0000000,0x00000000e25287f0,0x00000000e5580000)
 PSPermGen       total 21504K, used 20844K [0x00000000d8000000, 0x00000000d9500000, 0x00000000e0000000)
  object space 21504K, 96% used [0x00000000d8000000,0x00000000d945b270,0x00000000d9500000)
}
Event: 8.760 GC heap before
{Heap before GC invocations=15 (full 0):
 PSYoungGen      total 38912K, used 34080K [0x00000000f5500000, 0x00000000f8000000, 0x0000000100000000)
  eden space 33792K, 100% used [0x00000000f5500000,0x00000000f7600000,0x00000000f7600000)
  from space 5120K, 5% used [0x00000000f7b00000,0x00000000f7b48000,0x00000000f8000000)
  to   space 5120K, 0% used [0x00000000f7600000,0x00000000f7600000,0x00000000f7b00000)
 ParOldGen       total 87552K, used 38049K [0x00000000e0000000, 0x00000000e5580000, 0x00000000f5500000)
  object space 87552K, 43% used [0x00000000e0000000,0x00000000e25287f0,0x00000000e5580000)
 PSPermGen       total 21504K, used 21487K [0x00000000d8000000, 0x00000000d9500000, 0x00000000e0000000)
  object space 21504K, 99% used [0x00000000d8000000,0x00000000d94fbd70,0x00000000d9500000)
Event: 8.764 GC heap after
Heap after GC invocations=15 (full 0):
 PSYoungGen      total 38912K, used 746K [0x00000000f5500000, 0x00000000f8000000, 0x0000000100000000)
  eden space 33792K, 0% used [0x00000000f5500000,0x00000000f5500000,0x00000000f7600000)
  from space 5120K, 14% used [0x00000000f7600000,0x00000000f76bab58,0x00000000f7b00000)
  to   space 5120K, 0% used [0x00000000f7b00000,0x00000000f7b00000,0x00000000f8000000)
 ParOldGen       total 87552K, used 38225K [0x00000000e0000000, 0x00000000e5580000, 0x00000000f5500000)
  object space 87552K, 43% used [0x00000000e0000000,0x00000000e25547f0,0x00000000e5580000)
 PSPermGen       total 21504K, used 21487K [0x00000000d8000000, 0x00000000d9500000, 0x00000000e0000000)
  object space 21504K, 99% used [0x00000000d8000000,0x00000000d94fbd70,0x00000000d9500000)
}
Event: 9.133 GC heap before
{Heap before GC invocations=16 (full 0):
 PSYoungGen      total 38912K, used 34538K [0x00000000f5500000, 0x00000000f8000000, 0x0000000100000000)
  eden space 33792K, 100% used [0x00000000f5500000,0x00000000f7600000,0x00000000f7600000)
  from space 5120K, 14% used [0x00000000f7600000,0x00000000f76bab58,0x00000000f7b00000)
  to   space 5120K, 0% used [0x00000000f7b00000,0x00000000f7b00000,0x00000000f8000000)
 ParOldGen       total 87552K, used 38225K [0x00000000e0000000, 0x00000000e5580000, 0x00000000f5500000)
  object space 87552K, 43% used [0x00000000e0000000,0x00000000e25547f0,0x00000000e5580000)
 PSPermGen       total 22016K, used 21594K [0x00000000d8000000, 0x00000000d9580000, 0x00000000e0000000)
  object space 22016K, 98% used [0x00000000d8000000,0x00000000d9516950,0x00000000d9580000)
Event: 9.138 GC heap after
Heap after GC invocations=16 (full 0):
 PSYoungGen      total 38912K, used 4698K [0x00000000f5500000, 0x00000000f8000000, 0x0000000100000000)
  eden space 33792K, 0% used [0x00000000f5500000,0x00000000f5500000,0x00000000f7600000)
  from space 5120K, 91% used [0x00000000f7b00000,0x00000000f7f96840,0x00000000f8000000)
  to   space 5120K, 0% used [0x00000000f7600000,0x00000000f7600000,0x00000000f7b00000)
 ParOldGen       total 87552K, used 38614K [0x00000000e0000000, 0x00000000e5580000, 0x00000000f5500000)
  object space 87552K, 44% used [0x00000000e0000000,0x00000000e25b5800,0x00000000e5580000)
 PSPermGen       total 22016K, used 21594K [0x00000000d8000000, 0x00000000d9580000, 0x00000000e0000000)
  object space 22016K, 98% used [0x00000000d8000000,0x00000000d9516950,0x00000000d9580000)
}

Deoptimization events (10 events):
Event: 8.703 Thread 0x000000000a353000 Uncommon trap: reason=bimorphic action=maybe_recompile pc=0x0000000002a7e83c method=com.sun.org.apache.xerces.internal.impl.XMLDocumentFragmentScannerImpl.scanEndElement()I @ 140
Event: 8.703 Thread 0x000000000a353000 Uncommon trap: reason=bimorphic action=maybe_recompile pc=0x0000000002a7e83c method=com.sun.org.apache.xerces.internal.impl.XMLDocumentFragmentScannerImpl.scanEndElement()I @ 140
Event: 8.703 Thread 0x000000000a353000 Uncommon trap: reason=bimorphic action=maybe_recompile pc=0x0000000002a7e83c method=com.sun.org.apache.xerces.internal.impl.XMLDocumentFragmentScannerImpl.scanEndElement()I @ 140
Event: 8.704 Thread 0x000000000a353000 Uncommon trap: reason=bimorphic action=maybe_recompile pc=0x0000000002a494f4 method=com.sun.org.apache.xerces.internal.impl.XMLDocumentFragmentScannerImpl.scanEndElement()I @ 140
Event: 8.717 Thread 0x000000000a353000 Uncommon trap: reason=bimorphic action=maybe_recompile pc=0x0000000002a4fd1c method=com.sun.org.apache.xerces.internal.impl.XMLDocumentFragmentScannerImpl.scanDocument(Z)Z @ 103
Event: 8.737 Thread 0x000000000a353000 Uncommon trap: reason=bimorphic action=maybe_recompile pc=0x0000000002a4fd1c method=com.sun.org.apache.xerces.internal.impl.XMLDocumentFragmentScannerImpl.scanDocument(Z)Z @ 103
Event: 8.881 Thread 0x000000000a353000 Uncommon trap: reason=bimorphic action=maybe_recompile pc=0x0000000002a0f67c method=java.util.HashMap.put(Ljava/lang/Object;Ljava/lang/Object;)Ljava/lang/Object; @ 83
Event: 8.881 Thread 0x000000000a353000 Uncommon trap: reason=bimorphic action=maybe_recompile pc=0x0000000002a0f67c method=java.util.HashMap.put(Ljava/lang/Object;Ljava/lang/Object;)Ljava/lang/Object; @ 83
Event: 8.892 Thread 0x000000000a353000 Uncommon trap: reason=bimorphic action=maybe_recompile pc=0x0000000002a0f67c method=java.util.HashMap.put(Ljava/lang/Object;Ljava/lang/Object;)Ljava/lang/Object; @ 83
Event: 8.894 Thread 0x000000000a353000 Uncommon trap: reason=bimorphic action=maybe_recompile pc=0x0000000002a0f67c method=java.util.HashMap.put(Ljava/lang/Object;Ljava/lang/Object;)Ljava/lang/Object; @ 83

Internal exceptions (10 events):
Event: 8.841 Thread 0x000000000a353000 Threw 0x00000000f5602f40 at C:\re\jdk7u51\527\hotspot\src\share\vm\prims\jvm.cpp:1244
Event: 8.842 Thread 0x000000000a353000 Threw 0x00000000f561e4a0 at C:\re\jdk7u51\527\hotspot\src\share\vm\prims\jvm.cpp:1244
Event: 8.844 Thread 0x000000000a353000 Threw 0x00000000f563f060 at C:\re\jdk7u51\527\hotspot\src\share\vm\prims\jvm.cpp:1244
Event: 8.844 Thread 0x000000000a353000 Threw 0x00000000f565d4b0 at C:\re\jdk7u51\527\hotspot\src\share\vm\prims\jvm.cpp:1244
Event: 8.845 Thread 0x000000000a353000 Threw 0x00000000f567d0d8 at C:\re\jdk7u51\527\hotspot\src\share\vm\prims\jvm.cpp:1244
Event: 8.846 Thread 0x000000000a353000 Threw 0x00000000f5693cc0 at C:\re\jdk7u51\527\hotspot\src\share\vm\prims\jvm.cpp:1244
Event: 8.847 Thread 0x000000000a353000 Threw 0x00000000f56ab358 at C:\re\jdk7u51\527\hotspot\src\share\vm\prims\jvm.cpp:1244
Event: 8.848 Thread 0x000000000a353000 Threw 0x00000000f56d8af8 at C:\re\jdk7u51\527\hotspot\src\share\vm\prims\jvm.cpp:1244
Event: 8.849 Thread 0x000000000a353000 Threw 0x00000000f56f2e88 at C:\re\jdk7u51\527\hotspot\src\share\vm\prims\jvm.cpp:1244
Event: 8.892 Thread 0x000000000a353000 Threw 0x00000000f5a3c560 at C:\re\jdk7u51\527\hotspot\src\share\vm\prims\jvm.cpp:1244

Events (10 events):
Event: 8.894 Thread 0x000000000a353000 DEOPT PACKING pc=0x0000000002a0f67c sp=0x000000000af3e120
Event: 8.894 Thread 0x000000000a353000 DEOPT UNPACKING pc=0x00000000028f75a4 sp=0x000000000af3e0b8 mode 2
Event: 8.908 Thread 0x00000000075cc000 flushing nmethod 0x0000000002a4a590
Event: 8.921 Thread 0x00000000075cc000 flushing nmethod 0x0000000002a60ed0
Event: 8.921 Thread 0x00000000075cc000 flushing nmethod 0x0000000002a91e10
Event: 8.922 Thread 0x00000000075cc000 flushing nmethod 0x0000000002aaf690
Event: 8.987 loading class 0x0000000002838f70
Event: 8.987 loading class 0x0000000002838f70 done
Event: 9.133 Executing VM operation: ParallelGCFailedAllocation
Event: 9.138 Executing VM operation: ParallelGCFailedAllocation done


Dynamic libraries:
0x00007ff790430000 - 0x00007ff790463000 	C:\Oracle2\Middleware\Oracle_Home\oracle_common\jdk\jre\bin\javaw.exe
0x00007ffc612d0000 - 0x00007ffc614b1000 	C:\WINDOWS\SYSTEM32\ntdll.dll
0x00007ffc5e9f0000 - 0x00007ffc5eaa2000 	C:\WINDOWS\System32\KERNEL32.DLL
0x00007ffc5da90000 - 0x00007ffc5dd03000 	C:\WINDOWS\System32\KERNELBASE.dll
0x00007ffc61090000 - 0x00007ffc61131000 	C:\WINDOWS\System32\ADVAPI32.dll
0x00007ffc60ff0000 - 0x00007ffc6108e000 	C:\WINDOWS\System32\msvcrt.dll
0x00007ffc60e30000 - 0x00007ffc60e8b000 	C:\WINDOWS\System32\sechost.dll
0x00007ffc5f0c0000 - 0x00007ffc5f1e4000 	C:\WINDOWS\System32\RPCRT4.dll
0x00007ffc60820000 - 0x00007ffc609b0000 	C:\WINDOWS\System32\USER32.dll
0x00007ffc5d740000 - 0x00007ffc5d760000 	C:\WINDOWS\System32\win32u.dll
0x00007ffc5e920000 - 0x00007ffc5e948000 	C:\WINDOWS\System32\GDI32.dll
0x00007ffc5d760000 - 0x00007ffc5d8f2000 	C:\WINDOWS\System32\gdi32full.dll
0x00007ffc5d6a0000 - 0x00007ffc5d73f000 	C:\WINDOWS\System32\msvcp_win.dll
0x00007ffc5e660000 - 0x00007ffc5e75a000 	C:\WINDOWS\System32\ucrtbase.dll
0x00007ffc4d5e0000 - 0x00007ffc4d849000 	C:\WINDOWS\WinSxS\amd64_microsoft.windows.common-controls_6595b64144ccf1df_6.0.17134.523_none_fb409dd930672a56\COMCTL32.dll
0x00007ffc5eab0000 - 0x00007ffc5edd2000 	C:\WINDOWS\System32\combase.dll
0x00007ffc5d900000 - 0x00007ffc5d97a000 	C:\WINDOWS\System32\bcryptPrimitives.dll
0x00007ffc609b0000 - 0x00007ffc609dd000 	C:\WINDOWS\System32\IMM32.DLL
0x0000000054aa0000 - 0x0000000054b72000 	C:\Oracle2\Middleware\Oracle_Home\oracle_common\jdk\jre\bin\msvcr100.dll
0x0000000054f90000 - 0x0000000055759000 	C:\Oracle2\Middleware\Oracle_Home\oracle_common\jdk\jre\bin\server\jvm.dll
0x00007ffc5e900000 - 0x00007ffc5e908000 	C:\WINDOWS\System32\PSAPI.DLL
0x00007ffc57c50000 - 0x00007ffc57c59000 	C:\WINDOWS\SYSTEM32\WSOCK32.dll
0x00007ffc5b900000 - 0x00007ffc5b923000 	C:\WINDOWS\SYSTEM32\WINMM.dll
0x00007ffc5f370000 - 0x00007ffc5f3dc000 	C:\WINDOWS\System32\WS2_32.dll
0x00007ffc5b8d0000 - 0x00007ffc5b8fa000 	C:\WINDOWS\SYSTEM32\winmmbase.dll
0x00007ffc5dd10000 - 0x00007ffc5dd59000 	C:\WINDOWS\System32\cfgmgr32.dll
0x0000000054f80000 - 0x0000000054f8f000 	C:\Oracle2\Middleware\Oracle_Home\oracle_common\jdk\jre\bin\verify.dll
0x0000000054f50000 - 0x0000000054f78000 	C:\Oracle2\Middleware\Oracle_Home\oracle_common\jdk\jre\bin\java.dll
0x0000000054f30000 - 0x0000000054f45000 	C:\Oracle2\Middleware\Oracle_Home\oracle_common\jdk\jre\bin\zip.dll
0x0000000054f10000 - 0x0000000054f29000 	C:\Oracle2\Middleware\Oracle_Home\oracle_common\jdk\jre\bin\net.dll
0x00007ffc5ce00000 - 0x00007ffc5ce66000 	C:\WINDOWS\system32\mswsock.dll
0x00007ffc49980000 - 0x00007ffc49996000 	C:\WINDOWS\system32\napinsp.dll
0x00007ffc49960000 - 0x00007ffc4997a000 	C:\WINDOWS\system32\pnrpnsp.dll
0x00007ffc53b50000 - 0x00007ffc53b69000 	C:\WINDOWS\system32\NLAapi.dll
0x00007ffc5cbc0000 - 0x00007ffc5cc7e000 	C:\WINDOWS\SYSTEM32\DNSAPI.dll
0x00007ffc5e910000 - 0x00007ffc5e918000 	C:\WINDOWS\System32\NSI.dll
0x00007ffc5cb80000 - 0x00007ffc5cbb8000 	C:\WINDOWS\SYSTEM32\IPHLPAPI.DLL
0x00007ffc49920000 - 0x00007ffc4992e000 	C:\WINDOWS\System32\winrnr.dll
0x00007ffc53b30000 - 0x00007ffc53b45000 	C:\WINDOWS\System32\wshbth.dll
0x00007ffc52d30000 - 0x00007ffc52d3a000 	C:\Windows\System32\rasadhlp.dll
0x00007ffc4ff20000 - 0x00007ffc4ff92000 	C:\WINDOWS\System32\fwpuclnt.dll
0x00007ffc5d140000 - 0x00007ffc5d165000 	C:\WINDOWS\SYSTEM32\bcrypt.dll
0x0000000054ef0000 - 0x0000000054f01000 	C:\Oracle2\Middleware\Oracle_Home\oracle_common\jdk\jre\bin\nio.dll

VM Arguments:
jvm_args: -Djava.vendor=Sun Microsystems Inc. -Xms128m -Xmx512m -XX:MaxPermSize=128m -Xverify:none -Dweblogic.jsp.diagnosticWithAbsolutePath=true -Dweblogic.classloader.noJarSigners=true 
java_command: weblogic.appc @C:\Users\Ahmed\AppData\Local\Temp\appcCommandList7718484388114558402.txt
Launcher Type: SUN_STANDARD

Environment Variables:
JAVA_TOOL_OPTIONS=-Djava.vendor="Sun Microsystems Inc."
PATH=C:\ProgramData\Oracle\Java\javapath;C:\Program Files (x86)\Common Files\NetSarang;C:\OraHome_1\bin;C:\OraHome_1\jre\1.4.2\bin\client;C:\OraHome_1\jre\1.4.2\bin;C:\DevSuiteHome_1\jdk\jre\bin\classic;C:\DevSuiteHome_1\jdk\jre\bin;C:\DevSuiteHome_1\jdk\jre\bin\client;C:\DevSuiteHome_1\jlib;C:\DevSuiteHome_1\bin;C:\DevSuiteHome_1\jre\1.4.2\bin\client;C:\DevSuiteHome_1\jre\1.4.2\bin;C:\oracle\product\10.2.0\db_1\bin;C:\WINDOWS\system32;C:\WINDOWS;C:\WINDOWS\System32\Wbem;C:\WINDOWS\System32\WindowsPowerShell\v1.0\;C:\Program Files (x86)\Sennheiser\SoftphoneSDK\;C:\Program Files\Git\cmd;C:\Program Files\TortoiseGit\bin;C:\WINDOWS\System32\OpenSSH\;C:\Users\Ahmed\AppData\Local\Microsoft\WindowsApps
USERNAME=Ahmed
OS=Windows_NT
PROCESSOR_IDENTIFIER=Intel64 Family 6 Model 78 Stepping 3, GenuineIntel



---------------  S Y S T E M  ---------------

OS: Windows 8 , 64 bit Build 9200 

CPU:total 4 (2 cores per cpu, 2 threads per core) family 6 model 78 stepping 3, cmov, cx8, fxsr, mmx, sse, sse2, sse3, ssse3, sse4.1, sse4.2, popcnt, avx, avx2, aes, erms, ht, tsc, tscinvbit

Memory: 4k page, physical 8245248k(1682768k free), swap 10293248k(5636k free)

vm_info: Java HotSpot(TM) 64-Bit Server VM (24.51-b03) for windows-amd64 JRE (1.7.0_51-b13), built on Dec 18 2013 18:40:56 by "java_re" with unknown MS VC++:1600

time: Mon Feb 04 16:11:59 2019
elapsed time: 9 seconds

